<?xml version="1.0" encoding="UTF-8"?>
<testsuite name="com.gildedrose.GildedRoseTest" tests="1" skipped="0" failures="0" errors="0" timestamp="2022-05-23T10:55:49" hostname="DESKTOP-90405JU" time="0.003">
  <properties/>
  <testcase name="agedTypeQualityNotAboveFifty" classname="com.gildedrose.GildedRoseTest" time="0.003"/>
  <system-out><![CDATA[]]></system-out>
  <system-err><![CDATA[]]></system-err>
</testsuite>
